TN:
SF:src\app.js
FN:20,(anonymous_0)
FN:39,(anonymous_1)
FNF:2
FNH:0
FNDA:0,(anonymous_0)
FNDA:0,(anonymous_1)
DA:4,1
DA:5,1
DA:6,1
DA:8,1
DA:11,1
DA:12,1
DA:17,1
DA:20,1
DA:21,0
DA:25,1
DA:26,1
DA:27,1
DA:28,1
DA:29,1
DA:31,1
DA:32,1
DA:33,1
DA:34,1
DA:35,1
DA:38,1
DA:39,1
DA:40,0
DA:47,1
LF:23
LH:21
BRDA:13,0,0,1
BRDA:13,0,1,1
BRF:2
BRH:2
end_of_record
TN:
SF:src\middlewares\authentification.js
FN:6,(anonymous_0)
FNF:1
FNH:0
FNDA:0,(anonymous_0)
DA:4,1
DA:6,1
DA:7,0
DA:9,0
DA:11,0
DA:12,0
DA:16,0
DA:17,0
DA:18,0
DA:20,0
DA:22,0
DA:26,1
LF:12
LH:3
BRDA:11,0,0,0
BRDA:11,0,1,0
BRF:2
BRH:0
end_of_record
TN:
SF:src\models\Agendement.js
FNF:0
FNH:0
DA:4,1
DA:6,1
DA:45,1
DA:47,1
LF:4
LH:4
BRF:0
BRH:0
end_of_record
TN:
SF:src\models\Client.js
FNF:0
FNH:0
DA:4,1
DA:6,1
DA:38,1
DA:40,1
LF:4
LH:4
BRF:0
BRH:0
end_of_record
TN:
SF:src\models\Massagiste.js
FNF:0
FNH:0
DA:4,1
DA:6,1
DA:39,1
DA:41,1
LF:4
LH:4
BRF:0
BRH:0
end_of_record
TN:
SF:src\models\service.js
FNF:0
FNH:0
DA:4,1
DA:6,1
DA:30,1
DA:32,1
LF:4
LH:4
BRF:0
BRH:0
end_of_record
TN:
SF:src\routes\admin.js
FN:10,(anonymous_0)
FN:18,(anonymous_1)
FN:43,(anonymous_2)
FN:62,(anonymous_3)
FNF:4
FNH:0
FNDA:0,(anonymous_0)
FNDA:0,(anonymous_1)
FNDA:0,(anonymous_2)
FNDA:0,(anonymous_3)
DA:4,1
DA:5,1
DA:6,1
DA:7,1
DA:10,1
DA:11,0
DA:12,0
DA:14,0
DA:18,1
DA:19,0
DA:20,0
DA:22,0
DA:23,0
DA:24,0
DA:25,0
DA:26,0
DA:27,0
DA:28,0
DA:31,0
DA:36,0
DA:38,0
DA:43,1
DA:44,0
DA:45,0
DA:51,0
DA:52,0
DA:55,0
DA:57,0
DA:62,1
DA:63,0
DA:64,0
DA:70,0
DA:71,0
DA:74,0
DA:76,0
DA:80,1
LF:36
LH:9
BRDA:11,0,0,0
BRDA:11,0,1,0
BRDA:23,1,0,0
BRDA:23,1,1,0
BRDA:24,2,0,0
BRDA:24,2,1,0
BRDA:25,3,0,0
BRDA:25,3,1,0
BRDA:25,4,0,0
BRDA:25,4,1,0
BRDA:27,5,0,0
BRDA:27,5,1,0
BRDA:28,6,0,0
BRDA:28,6,1,0
BRDA:51,7,0,0
BRDA:51,7,1,0
BRDA:70,8,0,0
BRDA:70,8,1,0
BRF:18
BRH:0
end_of_record
TN:
SF:src\routes\agendements.js
FN:10,(anonymous_0)
FN:49,calculerHeureFin
FN:58,(anonymous_2)
FN:71,(anonymous_3)
FNF:4
FNH:0
FNDA:0,(anonymous_0)
FNDA:0,calculerHeureFin
FNDA:0,(anonymous_2)
FNDA:0,(anonymous_3)
DA:4,1
DA:5,1
DA:6,1
DA:7,1
DA:10,1
DA:11,0
DA:12,0
DA:15,0
DA:22,0
DA:23,0
DA:27,0
DA:37,0
DA:39,0
DA:44,0
DA:50,0
DA:51,0
DA:52,0
DA:53,0
DA:54,0
DA:58,1
DA:59,0
DA:60,0
DA:64,0
DA:66,0
DA:71,1
DA:72,0
DA:73,0
DA:75,0
DA:76,0
DA:79,0
DA:80,0
DA:83,0
DA:84,0
DA:86,0
DA:88,0
DA:92,1
LF:36
LH:8
BRDA:22,0,0,0
BRDA:22,0,1,0
BRDA:75,1,0,0
BRDA:75,1,1,0
BRDA:79,2,0,0
BRDA:79,2,1,0
BRF:6
BRH:0
end_of_record
TN:
SF:src\routes\auth.js
FN:8,(anonymous_0)
FN:38,(anonymous_1)
FNF:2
FNH:2
FNDA:1,(anonymous_0)
FNDA:1,(anonymous_1)
DA:1,1
DA:2,1
DA:3,1
DA:4,1
DA:5,1
DA:8,1
DA:9,1
DA:10,1
DA:13,1
DA:14,1
DA:15,0
DA:19,1
DA:22,1
DA:29,1
DA:31,1
DA:33,0
DA:38,1
DA:39,1
DA:40,1
DA:43,1
DA:44,1
DA:45,1
DA:49,0
DA:50,0
DA:51,0
DA:55,0
DA:61,0
DA:63,0
DA:67,1
LF:29
LH:21
BRDA:14,0,0,0
BRDA:14,0,1,1
BRDA:44,1,0,1
BRDA:44,1,1,0
BRDA:50,2,0,0
BRDA:50,2,1,0
BRF:6
BRH:2
end_of_record
TN:
SF:src\routes\massagistes.js
FN:7,(anonymous_0)
FN:17,(anonymous_1)
FN:32,(anonymous_2)
FN:61,genererSlots
FNF:4
FNH:0
FNDA:0,(anonymous_0)
FNDA:0,(anonymous_1)
FNDA:0,(anonymous_2)
FNDA:0,genererSlots
DA:2,1
DA:3,1
DA:4,1
DA:7,1
DA:8,0
DA:9,0
DA:10,0
DA:12,0
DA:17,1
DA:18,0
DA:19,0
DA:21,0
DA:22,0
DA:25,0
DA:27,0
DA:32,1
DA:33,0
DA:34,0
DA:36,0
DA:37,0
DA:40,0
DA:42,0
DA:43,0
DA:47,0
DA:54,0
DA:56,0
DA:62,0
DA:63,0
DA:66,0
DA:67,0
DA:69,0
DA:70,0
DA:72,0
DA:73,0
DA:74,0
DA:75,0
DA:78,0
DA:85,0
DA:90,0
DA:93,0
DA:96,1
LF:41
LH:7
BRDA:21,0,0,0
BRDA:21,0,1,0
BRDA:36,1,0,0
BRDA:36,1,1,0
BRDA:42,2,0,0
BRDA:42,2,1,0
BRF:6
BRH:0
end_of_record
TN:
SF:src\routes\services.js
FN:9,(anonymous_0)
FN:19,(anonymous_1)
FNF:2
FNH:0
FNDA:0,(anonymous_0)
FNDA:0,(anonymous_1)
DA:4,1
DA:5,1
DA:6,1
DA:9,1
DA:10,0
DA:11,0
DA:12,0
DA:14,0
DA:19,1
DA:20,0
DA:21,0
DA:23,0
DA:24,0
DA:27,0
DA:29,0
DA:33,1
LF:16
LH:6
BRDA:23,0,0,0
BRDA:23,0,1,0
BRF:2
BRH:0
end_of_record
